<?xml version="1.0" encoding="UTF-8"?>
<!-- Generated by org.testng.reporters.JUnitReportReporter -->
<testsuite hostname="MSI" failures="0" tests="1" name="DemoPackageGroup1.ClassC" time="0.001" errors="0" timestamp="2023-11-25T11:20:17 IST" skipped="0">
  <testcase classname="DemoPackageGroup1.ClassC" name="MethodB" time="0.001"/>
</testsuite> <!-- DemoPackageGroup1.ClassC -->
