<?xml version="1.0" encoding="UTF-8"?>
<!-- Generated by org.testng.reporters.JUnitReportReporter -->
<testsuite hostname="MSI" failures="0" tests="3" name="DemoPackage2.ClassC" time="0.003" errors="0" timestamp="2023-11-25T10:34:23 IST" skipped="0">
  <testcase classname="DemoPackage2.ClassC" name="MethodA" time="0.001"/>
  <testcase classname="DemoPackage2.ClassC" name="MethodC" time="0.001"/>
  <testcase classname="DemoPackage2.ClassC" name="MethodB" time="0.001"/>
</testsuite> <!-- DemoPackage2.ClassC -->
