<?xml version="1.0" encoding="UTF-8"?>
<!-- Generated by org.testng.reporters.JUnitReportReporter -->
<testsuite hostname="MSI" failures="0" tests="3" name="DemoPackageGroup1.ClassB" time="0.004" errors="0" timestamp="2023-11-25T11:20:17 IST" skipped="0">
  <testcase classname="DemoPackageGroup1.ClassB" name="MethodA" time="0.002"/>
  <testcase classname="DemoPackageGroup1.ClassB" name="MethodC" time="0.001"/>
  <testcase classname="DemoPackageGroup1.ClassB" name="MethodB" time="0.001"/>
</testsuite> <!-- DemoPackageGroup1.ClassB -->
