<?xml version="1.0" encoding="UTF-8"?>
<!-- Generated by org.testng.reporters.JUnitReportReporter -->
<testsuite hostname="MSI" failures="0" tests="3" name="DemoPackage2.ClassB" time="0.003" errors="0" timestamp="2023-11-25T10:35:33 IST" skipped="0">
  <testcase classname="DemoPackage2.ClassB" name="MethodB" time="0.001"/>
  <testcase classname="DemoPackage2.ClassB" name="MethodC" time="0.001"/>
  <testcase classname="DemoPackage2.ClassB" name="MethodA" time="0.001"/>
</testsuite> <!-- DemoPackage2.ClassB -->
