<?xml version="1.0" encoding="UTF-8"?>
<!-- Generated by org.testng.reporters.JUnitReportReporter -->
<testsuite hostname="MSI" failures="0" tests="1" name="DemoPackageGroup2.ClassC" time="0.000" errors="0" timestamp="2023-11-25T11:03:38 IST" skipped="0">
  <testcase classname="DemoPackageGroup2.ClassC" name="MethodA" time="0.000"/>
</testsuite> <!-- DemoPackageGroup2.ClassC -->
