<?xml version="1.0" encoding="UTF-8"?>
<!-- Generated by org.testng.reporters.JUnitReportReporter -->
<testsuite hostname="MSI" failures="0" tests="3" name="DemoPackage1.ClassA" time="0.008" errors="0" timestamp="2023-11-25T10:36:33 IST" skipped="0">
  <testcase classname="DemoPackage1.ClassA" name="MethodB" time="0.001"/>
  <testcase classname="DemoPackage1.ClassA" name="MethodA" time="0.006"/>
  <testcase classname="DemoPackage1.ClassA" name="MethodC" time="0.001"/>
</testsuite> <!-- DemoPackage1.ClassA -->
