<?xml version="1.0" encoding="UTF-8"?>
<!-- Generated by org.testng.reporters.JUnitReportReporter -->
<testsuite hostname="MSI" failures="0" tests="2" name="DemoPackageGroup1.ClassA" time="0.008" errors="0" timestamp="2023-11-25T11:20:17 IST" skipped="0">
  <testcase classname="DemoPackageGroup1.ClassA" name="MethodB" time="0.002"/>
  <testcase classname="DemoPackageGroup1.ClassA" name="MethodA" time="0.006"/>
</testsuite> <!-- DemoPackageGroup1.ClassA -->
