<?xml version="1.0" encoding="UTF-8"?>
<!-- Generated by org.testng.reporters.JUnitReportReporter -->
<testsuite hostname="MSI" failures="0" tests="1" name="DemoPackageGroup2.ClassA" time="0.002" errors="0" timestamp="2023-11-25T11:20:17 IST" skipped="0">
  <testcase classname="DemoPackageGroup2.ClassA" name="MethodA" time="0.002"/>
</testsuite> <!-- DemoPackageGroup2.ClassA -->
