<?xml version="1.0" encoding="UTF-8"?>
<!-- Generated by org.testng.reporters.JUnitReportReporter -->
<testsuite hostname="MSI" failures="0" tests="3" name="DemoPackage1.ClassB" time="0.000" errors="0" timestamp="2023-11-25T10:36:33 IST" skipped="2">
  <testcase classname="DemoPackage1.ClassB" name="MethodC" time="0.000"/>
  <testcase classname="DemoPackage1.ClassB" name="MethodB">
    <skipped/>
  </testcase> <!-- MethodB -->
  <testcase classname="DemoPackage1.ClassB" name="MethodA">
    <skipped/>
  </testcase> <!-- MethodA -->
</testsuite> <!-- DemoPackage1.ClassB -->
