<?xml version="1.0" encoding="UTF-8"?>
<!-- Generated by org.testng.reporters.JUnitReportReporter -->
<testsuite hostname="MSI" failures="0" tests="1" name="DemoPackage2.ClassA" time="0.001" errors="0" timestamp="2023-11-25T10:35:33 IST" skipped="0">
  <testcase classname="DemoPackage2.ClassA" name="MethodB" time="0.001"/>
</testsuite> <!-- DemoPackage2.ClassA -->
